  Game.cpp
C:\Users\tuana\Desktop\C++ PROJELER\Test Project\SFML Project\Game.cpp(72,11): warning C4244: 'başlatılıyor': 'T' - 'float' dönüşümü; veri kaybı olabilir
          with
          [
              T=unsigned int
          ]
C:\Users\tuana\Desktop\C++ PROJELER\Test Project\SFML Project\Game.cpp(73,11): warning C4244: 'başlatılıyor': 'T' - 'float' dönüşümü; veri kaybı olabilir
          with
          [
              T=unsigned int
          ]
C:\Users\tuana\Desktop\C++ PROJELER\Test Project\SFML Project\Game.cpp(97,11): warning C4244: 'başlatılıyor': 'T' - 'float' dönüşümü; veri kaybı olabilir
          with
          [
              T=unsigned int
          ]
C:\Users\tuana\Desktop\C++ PROJELER\Test Project\SFML Project\Game.cpp(98,11): warning C4244: 'başlatılıyor': 'T' - 'float' dönüşümü; veri kaybı olabilir
          with
          [
              T=unsigned int
          ]
C:\Users\tuana\Desktop\C++ PROJELER\Test Project\SFML Project\Game.cpp(135,44): warning C4244: '+=': 'float' - 'int' dönüşümü; veri kaybı olabilir
C:\Users\tuana\Desktop\C++ PROJELER\Test Project\SFML Project\Game.cpp(280,50): warning C4267: '+=': 'size_t' - 'int' dönüşümü; veri kaybı olabilir
C:\Users\tuana\Desktop\C++ PROJELER\Test Project\SFML Project\Game.cpp(443,72): warning C4244: 'bağımsız değişken': 'int' - 'float' dönüşümü; veri kaybı olabilir
C:\Users\tuana\Desktop\C++ PROJELER\Test Project\SFML Project\Game.cpp(443,51): warning C4244: 'bağımsız değişken': 'int' - 'float' dönüşümü; veri kaybı olabilir
C:\Program Files\Microsoft Visual Studio\2022\Community\VC\Tools\MSVC\14.37.32822\include\xutility(254,82): warning C4244: 'bağımsız değişken': 'int' - 'float' dönüşümü; veri kaybı olabilir
C:\Program Files\Microsoft Visual Studio\2022\Community\VC\Tools\MSVC\14.37.32822\include\memory(2104,18): message : derlenen şablon işlevi 'void std::_Construct_in_place<_Ty,int&,int&,const sf::Color&,const sf::Color&,float>(_Ty &,int &,int &,const sf::Color &,const sf::Color &,float &&) noexcept(false)' örneği oluşturma başvurusuna bakın
          with
          [
              _Ty=CShape
          ]
C:\Program Files\Microsoft Visual Studio\2022\Community\VC\Tools\MSVC\14.37.32822\include\memory(2779,46): message : derlenen şablon işlevi 'std::_Ref_count_obj2<CShape>::_Ref_count_obj2<int&,int&,const sf::Color&,const sf::Color&,_Ty>(int &,int &,const sf::Color &,const sf::Color &,_Ty &&)' örneği oluşturma başvurusuna bakın
          with
          [
              _Ty=float
          ]
C:\Users\tuana\Desktop\C++ PROJELER\Test Project\SFML Project\Game.cpp(78,24): message : derlenen şablon işlevi 'std::shared_ptr<CShape> std::make_shared<CShape,int&,int&,const sf::Color&,const sf::Color&,float>(int &,int &,const sf::Color &,const sf::Color &,float &&)' örneği oluşturma başvurusuna bakın
C:\Program Files\Microsoft Visual Studio\2022\Community\VC\Tools\MSVC\14.37.32822\include\xutility(254,82): warning C4244: 'bağımsız değişken': '_Ty' - 'float' dönüşümü; veri kaybı olabilir
          with
          [
              _Ty=int
          ]
C:\Program Files\Microsoft Visual Studio\2022\Community\VC\Tools\MSVC\14.37.32822\include\memory(2104,18): message : derlenen şablon işlevi 'void std::_Construct_in_place<_Ty,Vec2&,Vec2,int>(_Ty &,Vec2 &,Vec2 &&,int &&) noexcept(false)' örneği oluşturma başvurusuna bakın
          with
          [
              _Ty=CTransform
          ]
C:\Program Files\Microsoft Visual Studio\2022\Community\VC\Tools\MSVC\14.37.32822\include\memory(2779,46): message : derlenen şablon işlevi 'std::_Ref_count_obj2<CTransform>::_Ref_count_obj2<Vec2&,_Ty,int>(Vec2 &,_Ty &&,int &&)' örneği oluşturma başvurusuna bakın
          with
          [
              _Ty=Vec2
          ]
C:\Users\tuana\Desktop\C++ PROJELER\Test Project\SFML Project\Game.cpp(116,28): message : derlenen şablon işlevi 'std::shared_ptr<CTransform> std::make_shared<CTransform,Vec2&,Vec2,int>(Vec2 &,Vec2 &&,int &&)' örneği oluşturma başvurusuna bakın
  SFML Project.vcxproj -> C:\Users\tuana\Desktop\C++ PROJELER\Test Project\SFML Project\x64\Debug\SFML Project.exe
